<?xml version="1.0" encoding="UTF-8"?>
<!-- Generated by org.testng.reporters.JUnitXMLReporter -->
<testsuite ignored="0" hostname="DESKTOP-AEI6VM2" failures="0" tests="3" name="Default test" time="33.891" errors="0" timestamp="2021-05-01T15:15:50 BDT">
  <testcase classname="com.ebrahim.mobile.automation.testcases.FlipboardLoginTest" name="validateGetStartedButton" time="4.173"/>
  <testcase classname="com.ebrahim.mobile.automation.testcases.FlipboardLoginTest" name="chooseTopicsTest" time="3.499"/>
  <testcase classname="com.ebrahim.mobile.automation.testcases.FlipboardLoginTest" name="skiLoginTest" time="11.264"/>
</testsuite> <!-- Default test -->
