<?xml version="1.0" encoding="UTF-8"?>
<!-- Generated by org.testng.reporters.JUnitXMLReporter -->
<testsuite ignored="0" hostname="DESKTOP-AEI6VM2" failures="0" tests="3" name="FlipboardLoginTest" time="44.286" errors="0" timestamp="2021-03-21T23:32:56 BDT">
  <testcase classname="com.ebrahim.mobile.automation.testcases.FlipboardLoginTest" name="validateGetStartedButton" time="4.194"/>
  <testcase classname="com.ebrahim.mobile.automation.testcases.FlipboardLoginTest" name="chooseTopicsTest" time="4.609"/>
  <testcase classname="com.ebrahim.mobile.automation.testcases.FlipboardLoginTest" name="skiLoginTest" time="7.623"/>
</testsuite> <!-- FlipboardLoginTest -->
